2021-11-06 18:17:33,540 : INFO : Start of Prediction
2021-11-06 18:17:33,541 : INFO : run_id:2021-11-06_181733_733493554
2021-11-06 18:17:33,541 : INFO : Start of Preprocessing...
2021-11-06 18:17:33,541 : INFO : Start of feature encoding...
2021-11-06 18:17:33,544 : INFO : End of feature encoding...
2021-11-06 18:17:33,544 : INFO : Start of Droping Columns...
2021-11-06 18:17:33,544 : INFO : End of Droping Columns...
2021-11-06 18:17:33,544 : INFO : Start of finding missing values...
2021-11-06 18:17:33,544 : INFO : End of finding missing values...
2021-11-06 18:17:33,544 : INFO : Start of building final predictset...
2021-11-06 18:17:33,560 : INFO : End of building final predictset...
2021-11-06 18:17:33,576 : INFO : End of Preprocessing...
2021-11-06 18:17:33,576 : INFO : Start of Load Model
2021-11-06 18:17:33,576 : INFO : Model File KMeans loaded
2021-11-06 18:17:33,576 : INFO : End of Load Model
2021-11-06 18:17:33,576 : INFO : clusters loop started
2021-11-06 18:17:33,591 : INFO : Start of finding correct model
2021-11-06 18:17:33,591 : INFO : End of finding correct model
2021-11-06 18:17:33,591 : INFO : Start of Load Model
2021-11-06 18:17:33,591 : INFO : Model File XGBoost2 loaded
2021-11-06 18:17:33,591 : INFO : End of Load Model
2021-11-06 18:17:33,591 : INFO : Shape of Data (1, 9)
2021-11-06 18:17:33,591 : INFO : Shape of Data None
2021-11-06 18:17:33,591 : INFO : Output : [0.]
2021-11-06 18:17:33,591 : INFO : End of Prediction
