2021-11-06 18:17:31,068 : INFO : Start of Prediction
2021-11-06 18:17:31,069 : INFO : run_id:2021-11-06_181730_326936461
2021-11-06 18:17:31,069 : INFO : Start of Preprocessing...
2021-11-06 18:17:31,069 : INFO : Start of feature encoding...
2021-11-06 18:17:31,233 : INFO : End of feature encoding...
2021-11-06 18:17:31,236 : INFO : Start of Droping Columns...
2021-11-06 18:17:31,239 : INFO : End of Droping Columns...
2021-11-06 18:17:31,240 : INFO : Start of finding missing values...
2021-11-06 18:17:31,242 : INFO : End of finding missing values...
2021-11-06 18:17:31,242 : INFO : Start of building final predictset...
2021-11-06 18:17:31,299 : INFO : End of building final predictset...
2021-11-06 18:17:31,300 : INFO : End of Preprocessing...
2021-11-06 18:17:31,300 : INFO : Start of Load Model
2021-11-06 18:17:31,344 : INFO : Model File KMeans loaded
2021-11-06 18:17:31,344 : INFO : End of Load Model
2021-11-06 18:17:31,505 : INFO : clusters loop started
2021-11-06 18:17:31,507 : INFO : Start of finding correct model
2021-11-06 18:17:31,507 : INFO : End of finding correct model
2021-11-06 18:17:31,507 : INFO : Start of Load Model
2021-11-06 18:17:31,583 : INFO : Model File XGBoost2 loaded
2021-11-06 18:17:31,584 : INFO : End of Load Model
2021-11-06 18:17:32,841 : INFO : Shape of Data (1, 9)
2021-11-06 18:17:32,841 : INFO : Shape of Data None
2021-11-06 18:17:32,966 : INFO : Output : [0.]
2021-11-06 18:17:32,966 : INFO : End of Prediction
