2021-11-06 18:17:33,023 : INFO : Start of Prediction
2021-11-06 18:17:33,024 : INFO : run_id:2021-11-06_181732_757623263
2021-11-06 18:17:33,024 : INFO : Start of Preprocessing...
2021-11-06 18:17:33,024 : INFO : Start of feature encoding...
2021-11-06 18:17:33,026 : INFO : End of feature encoding...
2021-11-06 18:17:33,026 : INFO : Start of Droping Columns...
2021-11-06 18:17:33,026 : INFO : End of Droping Columns...
2021-11-06 18:17:33,026 : INFO : Start of finding missing values...
2021-11-06 18:17:33,026 : INFO : End of finding missing values...
2021-11-06 18:17:33,026 : INFO : Start of building final predictset...
2021-11-06 18:17:33,041 : INFO : End of building final predictset...
2021-11-06 18:17:33,041 : INFO : End of Preprocessing...
2021-11-06 18:17:33,041 : INFO : Start of Load Model
2021-11-06 18:17:33,041 : INFO : Model File KMeans loaded
2021-11-06 18:17:33,041 : INFO : End of Load Model
2021-11-06 18:17:33,041 : INFO : clusters loop started
2021-11-06 18:17:33,041 : INFO : Start of finding correct model
2021-11-06 18:17:33,041 : INFO : End of finding correct model
2021-11-06 18:17:33,041 : INFO : Start of Load Model
2021-11-06 18:17:33,041 : INFO : Model File XGBoost2 loaded
2021-11-06 18:17:33,041 : INFO : End of Load Model
2021-11-06 18:17:33,057 : INFO : Shape of Data (1, 9)
2021-11-06 18:17:33,057 : INFO : Shape of Data None
2021-11-06 18:17:33,057 : INFO : Output : [0.]
2021-11-06 18:17:33,057 : INFO : End of Prediction
